<?xml version="1.0" encoding="UTF-8"?>
<!-- Generated by org.testng.reporters.JUnitReportReporter -->
<testsuite hostname="Asplap2656" failures="0" tests="4" name="DemoPractices.BookAPI" time="7.179" errors="0" timestamp="2023-10-05T20:04:34 IST" skipped="0">
  <testcase classname="DemoPractices.BookAPI" name="addBook" time="6.100"/>
  <system-out/>
  <testcase classname="DemoPractices.BookAPI" name="addBook" time="0.504"/>
  <system-out/>
  <testcase classname="DemoPractices.BookAPI" name="addBook" time="0.320"/>
  <system-out/>
  <testcase classname="DemoPractices.BookAPI" name="addBook" time="0.255"/>
  <system-out/>
</testsuite> <!-- DemoPractices.BookAPI -->
