<?xml version="1.0" encoding="UTF-8"?>
<!-- Generated by org.testng.reporters.JUnitReportReporter -->
<testsuite hostname="Asplap2656" failures="0" tests="1" name="DemoPractices.GetPayloadFromFile" time="3.603" errors="0" timestamp="2023-10-05T20:25:00 IST" skipped="0">
  <testcase classname="DemoPractices.GetPayloadFromFile" name="addPlace" time="3.603"/>
  <system-out/>
</testsuite> <!-- DemoPractices.GetPayloadFromFile -->
