<?xml version="1.0" encoding="UTF-8"?>
<!-- Generated by org.testng.reporters.JUnitReportReporter -->
<testsuite hostname="Asplap2656" failures="0" tests="1" name="CucumberOptions.TestRunner" time="0.134" errors="0" timestamp="07 Oct 2023 07:29:29 GMT" skipped="0">
  <testcase classname="CucumberOptions.TestRunner" name="runScenario" time="0.134"/>
</testsuite> <!-- CucumberOptions.TestRunner -->
