<?xml version="1.0" encoding="UTF-8"?>
<!-- Generated by org.testng.reporters.JUnitReportReporter -->
<testsuite hostname="Asplap2656" failures="0" tests="3" name="ClientApplication.POMClientAppWithHashMap" time="122.652" errors="0" timestamp="2023-10-14T20:33:49 IST" skipped="0">
  <testcase classname="ClientApplication.POMClientAppWithHashMap" name="purchaseOrder" time="51.315"/>
  <testcase classname="ClientApplication.POMClientAppWithHashMap" name="VerifyOrder" time="28.984"/>
  <testcase classname="ClientApplication.POMClientAppWithHashMap" name="purchaseOrder" time="42.353"/>
</testsuite> <!-- ClientApplication.POMClientAppWithHashMap -->
