<?xml version="1.0" encoding="UTF-8"?>
<!-- Generated by org.testng.reporters.JUnitReportReporter -->
<testsuite hostname="Asplap2656" failures="0" tests="3" name="ClientApplication.POMClientAppEnd2EndFlowWithJSON" time="84.250" errors="0" timestamp="2023-10-14T12:56:23 IST" skipped="0">
  <testcase classname="ClientApplication.POMClientAppEnd2EndFlowWithJSON" name="purchaseOrder" time="33.246"/>
  <testcase classname="ClientApplication.POMClientAppEnd2EndFlowWithJSON" name="VerifyOrder" time="18.066"/>
  <testcase classname="ClientApplication.POMClientAppEnd2EndFlowWithJSON" name="purchaseOrder" time="32.938"/>
</testsuite> <!-- ClientApplication.POMClientAppEnd2EndFlowWithJSON -->
