<?xml version="1.0" encoding="UTF-8"?>
<!-- Generated by org.testng.reporters.JUnitReportReporter -->
<testsuite hostname="Asplap2656" failures="0" tests="1" name="ClientApplication.ClientAppEnd2EndFlow" time="33.653" errors="0" timestamp="2023-10-14T20:33:49 IST" skipped="0">
  <testcase classname="ClientApplication.ClientAppEnd2EndFlow" name="OrderPurchase" time="33.653"/>
</testsuite> <!-- ClientApplication.ClientAppEnd2EndFlow -->
