<?xml version="1.0" encoding="UTF-8"?>
<!-- Generated by org.testng.reporters.JUnitReportReporter -->
<testsuite hostname="Asplap2656" failures="0" tests="1" name="ClientApplication.POMClientAppEnd2EndFlow" time="18.145" errors="0" timestamp="2023-10-14T20:33:49 IST" skipped="0">
  <testcase classname="ClientApplication.POMClientAppEnd2EndFlow" name="VerifyOrder" time="18.145"/>
</testsuite> <!-- ClientApplication.POMClientAppEnd2EndFlow -->
