<?xml version="1.0" encoding="UTF-8"?>
<!-- Generated by org.testng.reporters.JUnitReportReporter -->
<testsuite hostname="Asplap2656" failures="0" tests="4" name="ClientApplication.POMClientAppEnd2EndFlowWithHashMap" time="102.057" errors="0" timestamp="2023-10-14T12:08:30 IST" skipped="0">
  <testcase classname="ClientApplication.POMClientAppEnd2EndFlowWithHashMap" name="VerifyOrder" time="19.375"/>
  <testcase classname="ClientApplication.POMClientAppEnd2EndFlowWithHashMap" name="VerifyOrder" time="14.138"/>
  <testcase classname="ClientApplication.POMClientAppEnd2EndFlowWithHashMap" name="purchaseOrder" time="35.059"/>
  <testcase classname="ClientApplication.POMClientAppEnd2EndFlowWithHashMap" name="purchaseOrder" time="33.485"/>
</testsuite> <!-- ClientApplication.POMClientAppEnd2EndFlowWithHashMap -->
