<?xml version="1.0" encoding="UTF-8"?>
<!-- Generated by org.testng.reporters.JUnitReportReporter -->
<testsuite hostname="Asplap2656" failures="0" tests="1" name="ClientApplication.POMClientAppDataProvider" time="27.531" errors="0" timestamp="2023-10-14T20:33:49 IST" skipped="0">
  <testcase classname="ClientApplication.POMClientAppDataProvider" name="VerifyOrder" time="27.531"/>
</testsuite> <!-- ClientApplication.POMClientAppDataProvider -->
