<?xml version="1.0" encoding="UTF-8"?>
<!-- Generated by org.testng.reporters.JUnitReportReporter -->
<testsuite hostname="Asplap2656" failures="0" tests="4" name="ClientApplication.POMClientAppWithJSON" time="151.013" errors="0" timestamp="2023-10-14T20:33:49 IST" skipped="1">
  <testcase classname="ClientApplication.POMClientAppWithJSON" name="purchaseOrder" time="52.501"/>
  <testcase classname="ClientApplication.POMClientAppWithJSON" name="VerifyOrder" time="14.581">
    <skipped/>
  </testcase> <!-- VerifyOrder -->
  <testcase classname="ClientApplication.POMClientAppWithJSON" name="purchaseOrder" time="58.460"/>
  <testcase classname="ClientApplication.POMClientAppWithJSON" name="VerifyOrder" time="25.471"/>
</testsuite> <!-- ClientApplication.POMClientAppWithJSON -->
